1694227448452|0|statement|connection 48|url jdbc:h2:mem:bd6b54cf-a0b2-422f-b76e-20a3cbabd0d1|     drop table if exists member CASCADE |     drop table if exists member CASCADE 
1694227448453|0|statement|connection 48|url jdbc:h2:mem:bd6b54cf-a0b2-422f-b76e-20a3cbabd0d1|     drop table if exists record CASCADE |     drop table if exists record CASCADE 
1694227448453|0|statement|connection 48|url jdbc:h2:mem:bd6b54cf-a0b2-422f-b76e-20a3cbabd0d1|     drop table if exists student CASCADE |     drop table if exists student CASCADE 
1694227448453|0|statement|connection 48|url jdbc:h2:mem:bd6b54cf-a0b2-422f-b76e-20a3cbabd0d1|     drop sequence if exists hibernate_sequence|     drop sequence if exists hibernate_sequence
1694228083669|0|statement|connection 48|url jdbc:h2:mem:5dfbf4f8-a76a-4b7c-a1a0-075e84575bd3|     drop table if exists member CASCADE |     drop table if exists member CASCADE 
1694228083669|0|statement|connection 48|url jdbc:h2:mem:5dfbf4f8-a76a-4b7c-a1a0-075e84575bd3|     drop table if exists record CASCADE |     drop table if exists record CASCADE 
1694228083669|0|statement|connection 48|url jdbc:h2:mem:5dfbf4f8-a76a-4b7c-a1a0-075e84575bd3|     drop table if exists student CASCADE |     drop table if exists student CASCADE 
1694228083669|0|statement|connection 48|url jdbc:h2:mem:5dfbf4f8-a76a-4b7c-a1a0-075e84575bd3|     drop sequence if exists hibernate_sequence|     drop sequence if exists hibernate_sequence
1694311885100|0|statement|connection 48|url jdbc:h2:mem:87a0fe76-600a-44f8-bd08-ff2743d3031e|     drop table if exists member CASCADE |     drop table if exists member CASCADE 
1694311885101|0|statement|connection 48|url jdbc:h2:mem:87a0fe76-600a-44f8-bd08-ff2743d3031e|     drop table if exists record CASCADE |     drop table if exists record CASCADE 
1694311885101|0|statement|connection 48|url jdbc:h2:mem:87a0fe76-600a-44f8-bd08-ff2743d3031e|     drop table if exists student CASCADE |     drop table if exists student CASCADE 
1694311885102|0|statement|connection 48|url jdbc:h2:mem:87a0fe76-600a-44f8-bd08-ff2743d3031e|     drop sequence if exists hibernate_sequence|     drop sequence if exists hibernate_sequence
1694311907751|0|statement|connection 48|url jdbc:h2:mem:da4626d5-90ba-40bb-b223-ce6bf8758558|     drop table if exists member CASCADE |     drop table if exists member CASCADE 
1694311907752|0|statement|connection 48|url jdbc:h2:mem:da4626d5-90ba-40bb-b223-ce6bf8758558|     drop table if exists record CASCADE |     drop table if exists record CASCADE 
1694311907753|0|statement|connection 48|url jdbc:h2:mem:da4626d5-90ba-40bb-b223-ce6bf8758558|     drop table if exists student CASCADE |     drop table if exists student CASCADE 
1694311907753|0|statement|connection 48|url jdbc:h2:mem:da4626d5-90ba-40bb-b223-ce6bf8758558|     drop sequence if exists hibernate_sequence|     drop sequence if exists hibernate_sequence
1694312089319|0|statement|connection 48|url jdbc:h2:mem:e2575d49-0754-422f-9776-87779bf670d4|     drop table if exists member CASCADE |     drop table if exists member CASCADE 
1694312089320|0|statement|connection 48|url jdbc:h2:mem:e2575d49-0754-422f-9776-87779bf670d4|     drop table if exists record CASCADE |     drop table if exists record CASCADE 
1694312089321|0|statement|connection 48|url jdbc:h2:mem:e2575d49-0754-422f-9776-87779bf670d4|     drop table if exists student CASCADE |     drop table if exists student CASCADE 
1694312089321|0|statement|connection 48|url jdbc:h2:mem:e2575d49-0754-422f-9776-87779bf670d4|     drop sequence if exists hibernate_sequence|     drop sequence if exists hibernate_sequence
1694322829287|0|statement|connection 48|url jdbc:h2:mem:1ef8aa09-bf42-4935-bbe0-5e7703c3cd63|     drop table if exists member CASCADE |     drop table if exists member CASCADE 
1694322829288|0|statement|connection 48|url jdbc:h2:mem:1ef8aa09-bf42-4935-bbe0-5e7703c3cd63|     drop table if exists record CASCADE |     drop table if exists record CASCADE 
1694322829289|0|statement|connection 48|url jdbc:h2:mem:1ef8aa09-bf42-4935-bbe0-5e7703c3cd63|     drop table if exists student CASCADE |     drop table if exists student CASCADE 
1694322829289|0|statement|connection 48|url jdbc:h2:mem:1ef8aa09-bf42-4935-bbe0-5e7703c3cd63|     drop sequence if exists hibernate_sequence|     drop sequence if exists hibernate_sequence
1694322837665|0|statement|connection 48|url jdbc:h2:mem:d37fffbd-1f78-4cca-abaf-3f4b9d0f0e86|drop table if exists member CASCADE |drop table if exists member CASCADE 
1694322837665|0|statement|connection 48|url jdbc:h2:mem:d37fffbd-1f78-4cca-abaf-3f4b9d0f0e86|drop table if exists record CASCADE |drop table if exists record CASCADE 
1694322837665|0|statement|connection 48|url jdbc:h2:mem:d37fffbd-1f78-4cca-abaf-3f4b9d0f0e86|drop table if exists student CASCADE |drop table if exists student CASCADE 
1694322837665|0|statement|connection 48|url jdbc:h2:mem:d37fffbd-1f78-4cca-abaf-3f4b9d0f0e86|drop sequence if exists hibernate_sequence|drop sequence if exists hibernate_sequence
1694477617325|0|statement|connection 48|url jdbc:h2:mem:03dd6920-c2d3-4849-b2c6-7127618acd88|     drop table if exists member CASCADE |     drop table if exists member CASCADE 
1694477617326|0|statement|connection 48|url jdbc:h2:mem:03dd6920-c2d3-4849-b2c6-7127618acd88|     drop table if exists record CASCADE |     drop table if exists record CASCADE 
1694477617326|0|statement|connection 48|url jdbc:h2:mem:03dd6920-c2d3-4849-b2c6-7127618acd88|     drop table if exists student CASCADE |     drop table if exists student CASCADE 
1694477617327|0|statement|connection 48|url jdbc:h2:mem:03dd6920-c2d3-4849-b2c6-7127618acd88|     drop sequence if exists hibernate_sequence|     drop sequence if exists hibernate_sequence
1694478603105|0|statement|connection 48|url jdbc:h2:mem:e3f52480-0f03-453e-81e7-a3ce6a915e5a|     drop table if exists member CASCADE |     drop table if exists member CASCADE 
1694478603106|0|statement|connection 48|url jdbc:h2:mem:e3f52480-0f03-453e-81e7-a3ce6a915e5a|     drop table if exists record CASCADE |     drop table if exists record CASCADE 
1694478603106|0|statement|connection 48|url jdbc:h2:mem:e3f52480-0f03-453e-81e7-a3ce6a915e5a|     drop table if exists student CASCADE |     drop table if exists student CASCADE 
1694478603106|0|statement|connection 48|url jdbc:h2:mem:e3f52480-0f03-453e-81e7-a3ce6a915e5a|     drop sequence if exists hibernate_sequence|     drop sequence if exists hibernate_sequence
1694478879501|0|statement|connection 48|url jdbc:h2:mem:40972411-153f-4fd9-8962-59ca48183aae|     drop table if exists member CASCADE |     drop table if exists member CASCADE 
1694478879503|0|statement|connection 48|url jdbc:h2:mem:40972411-153f-4fd9-8962-59ca48183aae|     drop table if exists record CASCADE |     drop table if exists record CASCADE 
1694478879503|0|statement|connection 48|url jdbc:h2:mem:40972411-153f-4fd9-8962-59ca48183aae|     drop table if exists student CASCADE |     drop table if exists student CASCADE 
1694478879503|0|statement|connection 48|url jdbc:h2:mem:40972411-153f-4fd9-8962-59ca48183aae|     drop sequence if exists hibernate_sequence|     drop sequence if exists hibernate_sequence
1695969969384|0|statement|connection 48|url jdbc:h2:mem:8b6e8dc6-1ada-4de6-bd60-3de6524f7789|     drop table if exists member CASCADE |     drop table if exists member CASCADE 
1695969969385|0|statement|connection 48|url jdbc:h2:mem:8b6e8dc6-1ada-4de6-bd60-3de6524f7789|     drop table if exists record CASCADE |     drop table if exists record CASCADE 
1695969969385|0|statement|connection 48|url jdbc:h2:mem:8b6e8dc6-1ada-4de6-bd60-3de6524f7789|     drop table if exists student CASCADE |     drop table if exists student CASCADE 
1695969969385|0|statement|connection 48|url jdbc:h2:mem:8b6e8dc6-1ada-4de6-bd60-3de6524f7789|     drop sequence if exists hibernate_sequence|     drop sequence if exists hibernate_sequence
1695981649875|0|statement|connection 48|url jdbc:h2:mem:914cfc29-b0d2-48b6-b83d-7c9f65c708fa|     drop table if exists member CASCADE |     drop table if exists member CASCADE 
1695981649876|0|statement|connection 48|url jdbc:h2:mem:914cfc29-b0d2-48b6-b83d-7c9f65c708fa|     drop table if exists record CASCADE |     drop table if exists record CASCADE 
1695981649876|0|statement|connection 48|url jdbc:h2:mem:914cfc29-b0d2-48b6-b83d-7c9f65c708fa|     drop table if exists student CASCADE |     drop table if exists student CASCADE 
1695981649877|0|statement|connection 48|url jdbc:h2:mem:914cfc29-b0d2-48b6-b83d-7c9f65c708fa|     drop sequence if exists hibernate_sequence|     drop sequence if exists hibernate_sequence
1695982667909|0|statement|connection 48|url jdbc:h2:mem:1e7f1158-4c77-4af0-af4a-27b564b6b37e|     drop table if exists member CASCADE |     drop table if exists member CASCADE 
1695982667911|0|statement|connection 48|url jdbc:h2:mem:1e7f1158-4c77-4af0-af4a-27b564b6b37e|     drop table if exists record CASCADE |     drop table if exists record CASCADE 
1695982667911|0|statement|connection 48|url jdbc:h2:mem:1e7f1158-4c77-4af0-af4a-27b564b6b37e|     drop table if exists student CASCADE |     drop table if exists student CASCADE 
1695982667911|0|statement|connection 48|url jdbc:h2:mem:1e7f1158-4c77-4af0-af4a-27b564b6b37e|     drop sequence if exists hibernate_sequence|     drop sequence if exists hibernate_sequence
1695982683076|0|statement|connection 48|url jdbc:h2:mem:1c7c775b-2426-4b2e-8614-6d0b1e5cc391|     drop table if exists member CASCADE |     drop table if exists member CASCADE 
1695982683077|0|statement|connection 48|url jdbc:h2:mem:1c7c775b-2426-4b2e-8614-6d0b1e5cc391|     drop table if exists record CASCADE |     drop table if exists record CASCADE 
1695982683078|0|statement|connection 48|url jdbc:h2:mem:1c7c775b-2426-4b2e-8614-6d0b1e5cc391|     drop table if exists student CASCADE |     drop table if exists student CASCADE 
1695982683078|0|statement|connection 48|url jdbc:h2:mem:1c7c775b-2426-4b2e-8614-6d0b1e5cc391|     drop sequence if exists hibernate_sequence|     drop sequence if exists hibernate_sequence
1695982720927|0|statement|connection 48|url jdbc:h2:mem:0a52fadd-2ec4-49eb-8aa8-c30a5ed1b244|     drop table if exists member CASCADE |     drop table if exists member CASCADE 
1695982720928|0|statement|connection 48|url jdbc:h2:mem:0a52fadd-2ec4-49eb-8aa8-c30a5ed1b244|     drop table if exists record CASCADE |     drop table if exists record CASCADE 
1695982720928|0|statement|connection 48|url jdbc:h2:mem:0a52fadd-2ec4-49eb-8aa8-c30a5ed1b244|     drop table if exists student CASCADE |     drop table if exists student CASCADE 
1695982720928|0|statement|connection 48|url jdbc:h2:mem:0a52fadd-2ec4-49eb-8aa8-c30a5ed1b244|     drop sequence if exists hibernate_sequence|     drop sequence if exists hibernate_sequence
1695982733979|0|statement|connection 48|url jdbc:h2:mem:6586d170-2894-4877-8200-824d1065ab0d|drop table if exists member CASCADE |drop table if exists member CASCADE 
1695982733980|0|statement|connection 48|url jdbc:h2:mem:6586d170-2894-4877-8200-824d1065ab0d|drop table if exists record CASCADE |drop table if exists record CASCADE 
1695982733980|0|statement|connection 48|url jdbc:h2:mem:6586d170-2894-4877-8200-824d1065ab0d|drop table if exists student CASCADE |drop table if exists student CASCADE 
1695982733980|0|statement|connection 48|url jdbc:h2:mem:6586d170-2894-4877-8200-824d1065ab0d|drop sequence if exists hibernate_sequence|drop sequence if exists hibernate_sequence
1695983365987|0|statement|connection 48|url jdbc:h2:mem:ad8455db-637f-4b3d-afb7-33ec03305df6|     drop table if exists member CASCADE |     drop table if exists member CASCADE 
1695983365988|0|statement|connection 48|url jdbc:h2:mem:ad8455db-637f-4b3d-afb7-33ec03305df6|     drop table if exists record CASCADE |     drop table if exists record CASCADE 
1695983365988|0|statement|connection 48|url jdbc:h2:mem:ad8455db-637f-4b3d-afb7-33ec03305df6|     drop table if exists student CASCADE |     drop table if exists student CASCADE 
1695983365988|0|statement|connection 48|url jdbc:h2:mem:ad8455db-637f-4b3d-afb7-33ec03305df6|     drop sequence if exists hibernate_sequence|     drop sequence if exists hibernate_sequence
1695983489403|0|statement|connection 48|url jdbc:h2:mem:aef2427d-e326-4f0c-a5f7-b763f3381b99|     drop table if exists member CASCADE |     drop table if exists member CASCADE 
1695983489404|0|statement|connection 48|url jdbc:h2:mem:aef2427d-e326-4f0c-a5f7-b763f3381b99|     drop table if exists record CASCADE |     drop table if exists record CASCADE 
1695983489404|0|statement|connection 48|url jdbc:h2:mem:aef2427d-e326-4f0c-a5f7-b763f3381b99|     drop table if exists student CASCADE |     drop table if exists student CASCADE 
1695983489404|0|statement|connection 48|url jdbc:h2:mem:aef2427d-e326-4f0c-a5f7-b763f3381b99|     drop sequence if exists hibernate_sequence|     drop sequence if exists hibernate_sequence
1695983743675|0|statement|connection 48|url jdbc:h2:mem:95bdbe76-e201-4c95-af71-9fea4d0091f1|     drop table if exists member CASCADE |     drop table if exists member CASCADE 
1695983743676|0|statement|connection 48|url jdbc:h2:mem:95bdbe76-e201-4c95-af71-9fea4d0091f1|     drop table if exists record CASCADE |     drop table if exists record CASCADE 
1695983743676|0|statement|connection 48|url jdbc:h2:mem:95bdbe76-e201-4c95-af71-9fea4d0091f1|     drop table if exists student CASCADE |     drop table if exists student CASCADE 
1695983743677|0|statement|connection 48|url jdbc:h2:mem:95bdbe76-e201-4c95-af71-9fea4d0091f1|     drop sequence if exists hibernate_sequence|     drop sequence if exists hibernate_sequence
1695983759702|0|statement|connection 48|url jdbc:h2:mem:eaf8fb9c-81ed-475c-a401-3b682b79ee3e|drop table if exists member CASCADE |drop table if exists member CASCADE 
1695983759703|0|statement|connection 48|url jdbc:h2:mem:eaf8fb9c-81ed-475c-a401-3b682b79ee3e|drop table if exists record CASCADE |drop table if exists record CASCADE 
1695983759703|0|statement|connection 48|url jdbc:h2:mem:eaf8fb9c-81ed-475c-a401-3b682b79ee3e|drop table if exists student CASCADE |drop table if exists student CASCADE 
1695983759703|0|statement|connection 48|url jdbc:h2:mem:eaf8fb9c-81ed-475c-a401-3b682b79ee3e|drop sequence if exists hibernate_sequence|drop sequence if exists hibernate_sequence
1695983789286|0|statement|connection 48|url jdbc:h2:mem:a6b91f6d-c07d-4b88-881e-3c00523041f0|     drop table if exists member CASCADE |     drop table if exists member CASCADE 
1695983789287|0|statement|connection 48|url jdbc:h2:mem:a6b91f6d-c07d-4b88-881e-3c00523041f0|     drop table if exists record CASCADE |     drop table if exists record CASCADE 
1695983789287|0|statement|connection 48|url jdbc:h2:mem:a6b91f6d-c07d-4b88-881e-3c00523041f0|     drop table if exists student CASCADE |     drop table if exists student CASCADE 
1695983789287|0|statement|connection 48|url jdbc:h2:mem:a6b91f6d-c07d-4b88-881e-3c00523041f0|     drop sequence if exists hibernate_sequence|     drop sequence if exists hibernate_sequence
1695983809136|0|statement|connection 48|url jdbc:h2:mem:7a812528-f73e-4bac-910d-d405f76c4755|     drop table if exists member CASCADE |     drop table if exists member CASCADE 
1695983809138|0|statement|connection 48|url jdbc:h2:mem:7a812528-f73e-4bac-910d-d405f76c4755|     drop table if exists record CASCADE |     drop table if exists record CASCADE 
1695983809138|0|statement|connection 48|url jdbc:h2:mem:7a812528-f73e-4bac-910d-d405f76c4755|     drop table if exists student CASCADE |     drop table if exists student CASCADE 
1695983809138|0|statement|connection 48|url jdbc:h2:mem:7a812528-f73e-4bac-910d-d405f76c4755|     drop sequence if exists hibernate_sequence|     drop sequence if exists hibernate_sequence
1695983858942|0|statement|connection 48|url jdbc:h2:mem:e3cdb7fd-84b4-40ae-880d-cfe05defe139|     drop table if exists member CASCADE |     drop table if exists member CASCADE 
1695983858944|0|statement|connection 48|url jdbc:h2:mem:e3cdb7fd-84b4-40ae-880d-cfe05defe139|     drop table if exists record CASCADE |     drop table if exists record CASCADE 
1695983858944|0|statement|connection 48|url jdbc:h2:mem:e3cdb7fd-84b4-40ae-880d-cfe05defe139|     drop table if exists student CASCADE |     drop table if exists student CASCADE 
1695983858944|0|statement|connection 48|url jdbc:h2:mem:e3cdb7fd-84b4-40ae-880d-cfe05defe139|     drop sequence if exists hibernate_sequence|     drop sequence if exists hibernate_sequence
1695984512863|0|statement|connection 48|url jdbc:h2:mem:065a1417-705f-4256-8516-31a41737fec9|     drop table if exists member CASCADE |     drop table if exists member CASCADE 
1695984512864|0|statement|connection 48|url jdbc:h2:mem:065a1417-705f-4256-8516-31a41737fec9|     drop table if exists record CASCADE |     drop table if exists record CASCADE 
1695984512864|0|statement|connection 48|url jdbc:h2:mem:065a1417-705f-4256-8516-31a41737fec9|     drop table if exists student CASCADE |     drop table if exists student CASCADE 
1695984512864|0|statement|connection 48|url jdbc:h2:mem:065a1417-705f-4256-8516-31a41737fec9|     drop sequence if exists hibernate_sequence|     drop sequence if exists hibernate_sequence
1696054345182|0|statement|connection 48|url jdbc:h2:mem:a7a78c6d-172a-4fdf-974a-61131d8ac093|     drop table if exists member CASCADE |     drop table if exists member CASCADE 
1696054345184|0|statement|connection 48|url jdbc:h2:mem:a7a78c6d-172a-4fdf-974a-61131d8ac093|     drop table if exists record CASCADE |     drop table if exists record CASCADE 
1696054345184|0|statement|connection 48|url jdbc:h2:mem:a7a78c6d-172a-4fdf-974a-61131d8ac093|     drop table if exists student CASCADE |     drop table if exists student CASCADE 
1696054345184|0|statement|connection 48|url jdbc:h2:mem:a7a78c6d-172a-4fdf-974a-61131d8ac093|     drop sequence if exists hibernate_sequence|     drop sequence if exists hibernate_sequence
